{"D:\\PROJECTS\\turbo-template\\apps\\backend\\src\\app.module.ts": {"path":"D:\\PROJECTS\\turbo-template\\apps\\backend\\src\\app.module.ts","statementMap":{"0":{"start":{"line":1,"column":0},"end":{"line":1,"column":39}},"1":{"start":{"line":2,"column":0},"end":{"line":2,"column":45}},"2":{"start":{"line":3,"column":0},"end":{"line":3,"column":68}},"3":{"start":{"line":4,"column":0},"end":{"line":4,"column":57}},"4":{"start":{"line":5,"column":0},"end":{"line":5,"column":72}},"5":{"start":{"line":7,"column":0},"end":{"line":7,"column":36}},"6":{"start":{"line":9,"column":0},"end":{"line":9,"column":76}},"7":{"start":{"line":10,"column":0},"end":{"line":10,"column":49}},"8":{"start":{"line":12,"column":0},"end":{"line":12,"column":60}},"9":{"start":{"line":13,"column":0},"end":{"line":13,"column":41}},"10":{"start":{"line":46,"column":7},"end":{"line":46,"column":null}},"11":{"start":{"line":46,"column":13},"end":{"line":46,"column":22}},"12":{"start":{"line":46,"column":13},"end":{"line":46,"column":null}},"13":{"start":{"line":21,"column":16},"end":{"line":21,"column":19}}},"fnMap":{"0":{"name":"(anonymous_1)","decl":{"start":{"line":21,"column":10},"end":{"line":21,"column":13}},"loc":{"start":{"line":21,"column":16},"end":{"line":21,"column":19}}}},"branchMap":{},"s":{"0":0,"1":0,"2":0,"3":0,"4":0,"5":0,"6":0,"7":0,"8":0,"9":0,"10":0,"11":0,"12":0,"13":0},"f":{"0":0},"b":{}}
,"D:\\PROJECTS\\turbo-template\\apps\\backend\\src\\bootstrap.ts": {"path":"D:\\PROJECTS\\turbo-template\\apps\\backend\\src\\bootstrap.ts","statementMap":{"0":{"start":{"line":50,"column":0},"end":{"line":50,"column":7}},"1":{"start":{"line":1,"column":0},"end":{"line":1,"column":78}},"2":{"start":{"line":2,"column":0},"end":{"line":2,"column":42}},"3":{"start":{"line":4,"column":0},"end":{"line":4,"column":40}},"4":{"start":{"line":5,"column":0},"end":{"line":5,"column":50}},"5":{"start":{"line":6,"column":0},"end":{"line":6,"column":54}},"6":{"start":{"line":7,"column":0},"end":{"line":7,"column":41}},"7":{"start":{"line":8,"column":0},"end":{"line":8,"column":54}},"8":{"start":{"line":10,"column":15},"end":{"line":10,"column":38}},"9":{"start":{"line":16,"column":1},"end":{"line":16,"column":null}},"10":{"start":{"line":17,"column":1},"end":{"line":17,"column":null}},"11":{"start":{"line":18,"column":1},"end":{"line":18,"column":null}},"12":{"start":{"line":25,"column":1},"end":{"line":25,"column":null}},"13":{"start":{"line":26,"column":13},"end":{"line":26,"column":71}},"14":{"start":{"line":28,"column":1},"end":{"line":28,"column":null}},"15":{"start":{"line":29,"column":1},"end":{"line":29,"column":null}},"16":{"start":{"line":30,"column":1},"end":{"line":30,"column":null}},"17":{"start":{"line":31,"column":1},"end":{"line":31,"column":null}},"18":{"start":{"line":33,"column":1},"end":{"line":33,"column":null}},"19":{"start":{"line":40,"column":14},"end":{"line":40,"column":22}},"20":{"start":{"line":41,"column":1},"end":{"line":41,"column":null}},"21":{"start":{"line":43,"column":1},"end":{"line":43,"column":null}},"22":{"start":{"line":44,"column":1},"end":{"line":44,"column":null}},"23":{"start":{"line":51,"column":1},"end":{"line":57,"column":2}},"24":{"start":{"line":52,"column":14},"end":{"line":52,"column":39}},"25":{"start":{"line":53,"column":2},"end":{"line":53,"column":null}},"26":{"start":{"line":55,"column":2},"end":{"line":55,"column":null}},"27":{"start":{"line":56,"column":2},"end":{"line":56,"column":null}}},"fnMap":{"0":{"name":"setupVersioning","decl":{"start":{"line":15,"column":9},"end":{"line":15,"column":24}},"loc":{"start":{"line":15,"column":46},"end":{"line":19,"column":1}}},"1":{"name":"createApplication","decl":{"start":{"line":24,"column":15},"end":{"line":24,"column":32}},"loc":{"start":{"line":24,"column":32},"end":{"line":34,"column":1}}},"2":{"name":"startApplication","decl":{"start":{"line":39,"column":15},"end":{"line":39,"column":31}},"loc":{"start":{"line":39,"column":53},"end":{"line":45,"column":1}}},"3":{"name":"bootstrap","decl":{"start":{"line":50,"column":22},"end":{"line":50,"column":31}},"loc":{"start":{"line":50,"column":31},"end":{"line":58,"column":1}}}},"branchMap":{},"s":{"0":0,"1":0,"2":0,"3":0,"4":0,"5":0,"6":0,"7":0,"8":0,"9":0,"10":0,"11":0,"12":0,"13":0,"14":0,"15":0,"16":0,"17":0,"18":0,"19":0,"20":0,"21":0,"22":0,"23":0,"24":0,"25":0,"26":0,"27":0},"f":{"0":0,"1":0,"2":0,"3":0},"b":{}}
,"D:\\PROJECTS\\turbo-template\\apps\\backend\\src\\main.ts": {"path":"D:\\PROJECTS\\turbo-template\\apps\\backend\\src\\main.ts","statementMap":{"0":{"start":{"line":1,"column":0},"end":{"line":1,"column":22}},"1":{"start":{"line":2,"column":0},"end":{"line":2,"column":25}},"2":{"start":{"line":4,"column":0},"end":{"line":4,"column":39}},"3":{"start":{"line":6,"column":0},"end":{"line":6,"column":null}}},"fnMap":{},"branchMap":{},"s":{"0":0,"1":0,"2":0,"3":0},"f":{},"b":{}}
,"D:\\PROJECTS\\turbo-template\\apps\\backend\\src\\common\\database\\database.client.ts": {"path":"D:\\PROJECTS\\turbo-template\\apps\\backend\\src\\common\\database\\database.client.ts","statementMap":{"0":{"start":{"line":1,"column":0},"end":{"line":1,"column":51}},"1":{"start":{"line":3,"column":0},"end":{"line":3,"column":40}},"2":{"start":{"line":5,"column":0},"end":{"line":5,"column":41}},"3":{"start":{"line":20,"column":13},"end":{"line":20,"column":null}}},"fnMap":{},"branchMap":{},"s":{"0":0,"1":0,"2":0,"3":0},"f":{},"b":{}}
,"D:\\PROJECTS\\turbo-template\\apps\\backend\\src\\common\\decorators\\api-endpoint.decorator.ts": {"path":"D:\\PROJECTS\\turbo-template\\apps\\backend\\src\\common\\decorators\\api-endpoint.decorator.ts","statementMap":{"0":{"start":{"line":28,"column":0},"end":{"line":28,"column":16}},"1":{"start":{"line":1,"column":0},"end":{"line":1,"column":59}},"2":{"start":{"line":2,"column":0},"end":{"line":2,"column":85}},"3":{"start":{"line":29,"column":81},"end":{"line":29,"column":83}},"4":{"start":{"line":32,"column":47},"end":{"line":34,"column":null}},"5":{"start":{"line":35,"column":1},"end":{"line":37,"column":2}},"6":{"start":{"line":36,"column":2},"end":{"line":36,"column":null}},"7":{"start":{"line":38,"column":1},"end":{"line":38,"column":null}},"8":{"start":{"line":41,"column":1},"end":{"line":50,"column":2}},"9":{"start":{"line":42,"column":17},"end":{"line":42,"column":38}},"10":{"start":{"line":43,"column":2},"end":{"line":49,"column":null}},"11":{"start":{"line":52,"column":1},"end":{"line":52,"column":null}}},"fnMap":{"0":{"name":"ApiEndpoint","decl":{"start":{"line":28,"column":16},"end":{"line":28,"column":27}},"loc":{"start":{"line":28,"column":55},"end":{"line":53,"column":1}}}},"branchMap":{"0":{"loc":{"start":{"line":35,"column":1},"end":{"line":37,"column":2}},"type":"if","locations":[{"start":{"line":35,"column":1},"end":{"line":37,"column":2}},{"start":{},"end":{}}]},"1":{"loc":{"start":{"line":41,"column":1},"end":{"line":50,"column":2}},"type":"if","locations":[{"start":{"line":41,"column":1},"end":{"line":50,"column":2}},{"start":{},"end":{}}]},"2":{"loc":{"start":{"line":42,"column":17},"end":{"line":42,"column":38}},"type":"binary-expr","locations":[{"start":{"line":42,"column":17},"end":{"line":42,"column":31}},{"start":{"line":42,"column":35},"end":{"line":42,"column":38}}]}},"s":{"0":0,"1":0,"2":0,"3":0,"4":0,"5":0,"6":0,"7":0,"8":0,"9":0,"10":0,"11":0},"f":{"0":0},"b":{"0":[0,0],"1":[0,0],"2":[0,0]}}
,"D:\\PROJECTS\\turbo-template\\apps\\backend\\src\\common\\filters\\http-exception.filter.ts": {"path":"D:\\PROJECTS\\turbo-template\\apps\\backend\\src\\common\\filters\\http-exception.filter.ts","statementMap":{"0":{"start":{"line":1,"column":0},"end":{"line":1,"column":93}},"1":{"start":{"line":2,"column":0},"end":{"line":2,"column":54}},"2":{"start":{"line":3,"column":0},"end":{"line":3,"column":30}},"3":{"start":{"line":6,"column":32},"end":{"line":64,"column":null}},"4":{"start":{"line":7,"column":27},"end":{"line":7,"column":63}},"5":{"start":{"line":10,"column":14},"end":{"line":10,"column":33}},"6":{"start":{"line":11,"column":19},"end":{"line":11,"column":36}},"7":{"start":{"line":12,"column":17},"end":{"line":12,"column":38}},"8":{"start":{"line":13,"column":28},"end":{"line":13,"column":51}},"9":{"start":{"line":16,"column":2},"end":{"line":21,"column":3}},"10":{"start":{"line":17,"column":20},"end":{"line":17,"column":43}},"11":{"start":{"line":18,"column":3},"end":{"line":20,"column":4}},"12":{"start":{"line":19,"column":4},"end":{"line":19,"column":null}},"13":{"start":{"line":27,"column":2},"end":{"line":44,"column":3}},"14":{"start":{"line":28,"column":3},"end":{"line":28,"column":null}},"15":{"start":{"line":29,"column":9},"end":{"line":44,"column":3}},"16":{"start":{"line":30,"column":23},"end":{"line":30,"column":67}},"17":{"start":{"line":31,"column":3},"end":{"line":31,"column":null}},"18":{"start":{"line":34,"column":24},"end":{"line":37,"column":null}},"19":{"start":{"line":36,"column":16},"end":{"line":36,"column":65}},"20":{"start":{"line":39,"column":3},"end":{"line":41,"column":4}},"21":{"start":{"line":40,"column":4},"end":{"line":40,"column":null}},"22":{"start":{"line":43,"column":3},"end":{"line":43,"column":null}},"23":{"start":{"line":47,"column":47},"end":{"line":50,"column":null}},"24":{"start":{"line":52,"column":2},"end":{"line":54,"column":3}},"25":{"start":{"line":53,"column":3},"end":{"line":53,"column":null}},"26":{"start":{"line":56,"column":24},"end":{"line":60,"column":null}},"27":{"start":{"line":62,"column":2},"end":{"line":62,"column":null}},"28":{"start":{"line":6,"column":13},"end":{"line":6,"column":32}},"29":{"start":{"line":6,"column":13},"end":{"line":64,"column":null}}},"fnMap":{"0":{"name":"(anonymous_1)","decl":{"start":{"line":9,"column":1},"end":{"line":9,"column":6}},"loc":{"start":{"line":9,"column":52},"end":{"line":63,"column":2}}},"1":{"name":"(anonymous_2)","decl":{"start":{"line":36,"column":5},"end":{"line":36,"column":6}},"loc":{"start":{"line":36,"column":16},"end":{"line":36,"column":65}}}},"branchMap":{"0":{"loc":{"start":{"line":16,"column":2},"end":{"line":21,"column":3}},"type":"if","locations":[{"start":{"line":16,"column":2},"end":{"line":21,"column":3}},{"start":{},"end":{}}]},"1":{"loc":{"start":{"line":18,"column":3},"end":{"line":20,"column":4}},"type":"if","locations":[{"start":{"line":18,"column":3},"end":{"line":20,"column":4}},{"start":{},"end":{}}]},"2":{"loc":{"start":{"line":27,"column":2},"end":{"line":44,"column":3}},"type":"if","locations":[{"start":{"line":27,"column":2},"end":{"line":44,"column":3}},{"start":{"line":29,"column":9},"end":{"line":44,"column":3}}]},"3":{"loc":{"start":{"line":29,"column":9},"end":{"line":44,"column":3}},"type":"if","locations":[{"start":{"line":29,"column":9},"end":{"line":44,"column":3}},{"start":{"line":42,"column":9},"end":{"line":44,"column":3}}]},"4":{"loc":{"start":{"line":29,"column":13},"end":{"line":29,"column":80}},"type":"binary-expr","locations":[{"start":{"line":29,"column":13},"end":{"line":29,"column":50}},{"start":{"line":29,"column":54},"end":{"line":29,"column":80}}]},"5":{"loc":{"start":{"line":31,"column":14},"end":{"line":31,"column":76}},"type":"binary-expr","locations":[{"start":{"line":31,"column":14},"end":{"line":31,"column":55}},{"start":{"line":31,"column":59},"end":{"line":31,"column":76}}]},"6":{"loc":{"start":{"line":39,"column":3},"end":{"line":41,"column":4}},"type":"if","locations":[{"start":{"line":39,"column":3},"end":{"line":41,"column":4}},{"start":{},"end":{}}]},"7":{"loc":{"start":{"line":52,"column":2},"end":{"line":54,"column":3}},"type":"if","locations":[{"start":{"line":52,"column":2},"end":{"line":54,"column":3}},{"start":{},"end":{}}]}},"s":{"0":0,"1":0,"2":0,"3":0,"4":0,"5":0,"6":0,"7":0,"8":0,"9":0,"10":0,"11":0,"12":0,"13":0,"14":0,"15":0,"16":0,"17":0,"18":0,"19":0,"20":0,"21":0,"22":0,"23":0,"24":0,"25":0,"26":0,"27":0,"28":0,"29":0},"f":{"0":0,"1":0},"b":{"0":[0,0],"1":[0,0],"2":[0,0],"3":[0,0],"4":[0,0],"5":[0,0],"6":[0,0],"7":[0,0]}}
,"D:\\PROJECTS\\turbo-template\\apps\\backend\\src\\common\\orpc\\orpc.module.ts": {"path":"D:\\PROJECTS\\turbo-template\\apps\\backend\\src\\common\\orpc\\orpc.module.ts","statementMap":{"0":{"start":{"line":1,"column":0},"end":{"line":1,"column":39}},"1":{"start":{"line":2,"column":0},"end":{"line":2,"column":39}},"2":{"start":{"line":27,"column":7},"end":{"line":27,"column":null}},"3":{"start":{"line":27,"column":13},"end":{"line":27,"column":29}},"4":{"start":{"line":27,"column":13},"end":{"line":27,"column":null}},"5":{"start":{"line":15,"column":22},"end":{"line":23,"column":5}},"6":{"start":{"line":17,"column":17},"end":{"line":17,"column":65}},"7":{"start":{"line":18,"column":5},"end":{"line":21,"column":null}}},"fnMap":{"0":{"name":"(anonymous_1)","decl":{"start":{"line":15,"column":15},"end":{"line":15,"column":18}},"loc":{"start":{"line":15,"column":22},"end":{"line":23,"column":5}}},"1":{"name":"(anonymous_2)","decl":{"start":{"line":16,"column":13},"end":{"line":16,"column":14}},"loc":{"start":{"line":16,"column":39},"end":{"line":22,"column":5}}}},"branchMap":{},"s":{"0":0,"1":0,"2":0,"3":0,"4":0,"5":0,"6":0,"7":0},"f":{"0":0,"1":0},"b":{}}
,"D:\\PROJECTS\\turbo-template\\apps\\backend\\src\\config\\api-versions.config.ts": {"path":"D:\\PROJECTS\\turbo-template\\apps\\backend\\src\\config\\api-versions.config.ts","statementMap":{"0":{"start":{"line":24,"column":0},"end":{"line":24,"column":16}},"1":{"start":{"line":31,"column":0},"end":{"line":31,"column":16}},"2":{"start":{"line":1,"column":0},"end":{"line":1,"column":9}},"3":{"start":{"line":6,"column":23},"end":{"line":1,"column":44}},"4":{"start":{"line":14,"column":13},"end":{"line":17,"column":null}},"5":{"start":{"line":25,"column":1},"end":{"line":25,"column":null}},"6":{"start":{"line":32,"column":1},"end":{"line":32,"column":null}}},"fnMap":{"0":{"name":"(anonymous_0)","decl":{"start":{"line":6,"column":23},"end":{"line":6,"column":25}},"loc":{"start":{"line":6,"column":23},"end":{"line":1,"column":44}}},"1":{"name":"getVersionKeys","decl":{"start":{"line":24,"column":16},"end":{"line":24,"column":30}},"loc":{"start":{"line":24,"column":30},"end":{"line":26,"column":1}}},"2":{"name":"getVersionContract","decl":{"start":{"line":31,"column":16},"end":{"line":31,"column":34}},"loc":{"start":{"line":31,"column":50},"end":{"line":33,"column":1}}}},"branchMap":{},"s":{"0":0,"1":0,"2":0,"3":0,"4":0,"5":0,"6":0},"f":{"0":0,"1":0,"2":0},"b":{}}
,"D:\\PROJECTS\\turbo-template\\apps\\backend\\src\\config\\app.config.ts": {"path":"D:\\PROJECTS\\turbo-template\\apps\\backend\\src\\config\\app.config.ts","statementMap":{"0":{"start":{"line":54,"column":0},"end":{"line":54,"column":16}},"1":{"start":{"line":1,"column":0},"end":{"line":1,"column":62}},"2":{"start":{"line":2,"column":0},"end":{"line":2,"column":34}},"3":{"start":{"line":4,"column":0},"end":{"line":4,"column":41}},"4":{"start":{"line":6,"column":15},"end":{"line":6,"column":38}},"5":{"start":{"line":14,"column":21},"end":{"line":14,"column":41}},"6":{"start":{"line":15,"column":1},"end":{"line":15,"column":null}},"7":{"start":{"line":16,"column":1},"end":{"line":16,"column":null}},"8":{"start":{"line":17,"column":1},"end":{"line":17,"column":null}},"9":{"start":{"line":24,"column":17},"end":{"line":24,"column":73}},"10":{"start":{"line":24,"column":59},"end":{"line":24,"column":72}},"11":{"start":{"line":25,"column":1},"end":{"line":25,"column":null}},"12":{"start":{"line":26,"column":1},"end":{"line":26,"column":null}},"13":{"start":{"line":33,"column":18},"end":{"line":43,"column":2}},"14":{"start":{"line":34,"column":2},"end":{"line":34,"column":null}},"15":{"start":{"line":35,"column":2},"end":{"line":42,"column":3}},"16":{"start":{"line":36,"column":3},"end":{"line":36,"column":null}},"17":{"start":{"line":37,"column":3},"end":{"line":37,"column":null}},"18":{"start":{"line":38,"column":3},"end":{"line":38,"column":null}},"19":{"start":{"line":40,"column":3},"end":{"line":40,"column":null}},"20":{"start":{"line":41,"column":3},"end":{"line":41,"column":null}},"21":{"start":{"line":45,"column":1},"end":{"line":45,"column":null}},"22":{"start":{"line":45,"column":29},"end":{"line":45,"column":53}},"23":{"start":{"line":46,"column":1},"end":{"line":46,"column":null}},"24":{"start":{"line":46,"column":28},"end":{"line":46,"column":51}},"25":{"start":{"line":47,"column":1},"end":{"line":47,"column":null}},"26":{"start":{"line":55,"column":1},"end":{"line":55,"column":null}},"27":{"start":{"line":56,"column":1},"end":{"line":56,"column":null}},"28":{"start":{"line":57,"column":1},"end":{"line":57,"column":null}}},"fnMap":{"0":{"name":"configureBodyParser","decl":{"start":{"line":13,"column":9},"end":{"line":13,"column":28}},"loc":{"start":{"line":13,"column":50},"end":{"line":18,"column":1}}},"1":{"name":"configureCors","decl":{"start":{"line":23,"column":9},"end":{"line":23,"column":22}},"loc":{"start":{"line":23,"column":44},"end":{"line":27,"column":1}}},"2":{"name":"(anonymous_11)","decl":{"start":{"line":24,"column":49},"end":{"line":24,"column":55}},"loc":{"start":{"line":24,"column":59},"end":{"line":24,"column":72}}},"3":{"name":"enableGracefulShutdown","decl":{"start":{"line":32,"column":9},"end":{"line":32,"column":31}},"loc":{"start":{"line":32,"column":53},"end":{"line":48,"column":1}}},"4":{"name":"(anonymous_13)","decl":{"start":{"line":33,"column":18},"end":{"line":33,"column":23}},"loc":{"start":{"line":33,"column":58},"end":{"line":43,"column":2}}},"5":{"name":"(anonymous_14)","decl":{"start":{"line":45,"column":23},"end":{"line":45,"column":26}},"loc":{"start":{"line":45,"column":29},"end":{"line":45,"column":53}}},"6":{"name":"(anonymous_15)","decl":{"start":{"line":46,"column":22},"end":{"line":46,"column":25}},"loc":{"start":{"line":46,"column":28},"end":{"line":46,"column":51}}},"7":{"name":"configureApp","decl":{"start":{"line":54,"column":16},"end":{"line":54,"column":28}},"loc":{"start":{"line":54,"column":50},"end":{"line":58,"column":1}}}},"branchMap":{},"s":{"0":0,"1":0,"2":0,"3":0,"4":0,"5":0,"6":0,"7":0,"8":0,"9":0,"10":0,"11":0,"12":0,"13":0,"14":0,"15":0,"16":0,"17":0,"18":0,"19":0,"20":0,"21":0,"22":0,"23":0,"24":0,"25":0,"26":0,"27":0,"28":0},"f":{"0":0,"1":0,"2":0,"3":0,"4":0,"5":0,"6":0,"7":0},"b":{}}
,"D:\\PROJECTS\\turbo-template\\apps\\backend\\src\\config\\auth.config.ts": {"path":"D:\\PROJECTS\\turbo-template\\apps\\backend\\src\\config\\auth.config.ts","statementMap":{"0":{"start":{"line":53,"column":0},"end":{"line":53,"column":16}},"1":{"start":{"line":1,"column":0},"end":{"line":1,"column":62}},"2":{"start":{"line":3,"column":0},"end":{"line":3,"column":48}},"3":{"start":{"line":5,"column":0},"end":{"line":5,"column":52}},"4":{"start":{"line":7,"column":0},"end":{"line":7,"column":61}},"5":{"start":{"line":8,"column":0},"end":{"line":8,"column":58}},"6":{"start":{"line":10,"column":15},"end":{"line":10,"column":45}},"7":{"start":{"line":23,"column":17},"end":{"line":23,"column":41}},"8":{"start":{"line":25,"column":1},"end":{"line":35,"column":null}},"9":{"start":{"line":26,"column":14},"end":{"line":26,"column":27}},"10":{"start":{"line":27,"column":22},"end":{"line":27,"column":75}},"11":{"start":{"line":27,"column":54},"end":{"line":27,"column":74}},"12":{"start":{"line":29,"column":2},"end":{"line":32,"column":3}},"13":{"start":{"line":30,"column":3},"end":{"line":30,"column":null}},"14":{"start":{"line":31,"column":3},"end":{"line":31,"column":null}},"15":{"start":{"line":34,"column":2},"end":{"line":34,"column":null}},"16":{"start":{"line":42,"column":1},"end":{"line":44,"column":null}},"17":{"start":{"line":43,"column":2},"end":{"line":43,"column":null}},"18":{"start":{"line":54,"column":20},"end":{"line":54,"column":54}},"19":{"start":{"line":55,"column":18},"end":{"line":55,"column":34}},"20":{"start":{"line":56,"column":19},"end":{"line":56,"column":66}},"21":{"start":{"line":56,"column":43},"end":{"line":56,"column":65}},"22":{"start":{"line":59,"column":1},"end":{"line":59,"column":null}},"23":{"start":{"line":62,"column":1},"end":{"line":65,"column":2}},"24":{"start":{"line":63,"column":2},"end":{"line":63,"column":null}},"25":{"start":{"line":64,"column":2},"end":{"line":64,"column":null}}},"fnMap":{"0":{"name":"createAuthMiddleware","decl":{"start":{"line":22,"column":9},"end":{"line":22,"column":29}},"loc":{"start":{"line":22,"column":58},"end":{"line":36,"column":1}}},"1":{"name":"(anonymous_1)","decl":{"start":{"line":25,"column":8},"end":{"line":25,"column":9}},"loc":{"start":{"line":25,"column":72},"end":{"line":35,"column":2}}},"2":{"name":"(anonymous_2)","decl":{"start":{"line":27,"column":46},"end":{"line":27,"column":50}},"loc":{"start":{"line":27,"column":54},"end":{"line":27,"column":74}}},"3":{"name":"registerAuthOpenApiEndpoint","decl":{"start":{"line":41,"column":9},"end":{"line":41,"column":36}},"loc":{"start":{"line":41,"column":70},"end":{"line":45,"column":1}}},"4":{"name":"(anonymous_4)","decl":{"start":{"line":42,"column":40},"end":{"line":42,"column":45}},"loc":{"start":{"line":42,"column":80},"end":{"line":44,"column":2}}},"5":{"name":"setupBetterAuth","decl":{"start":{"line":53,"column":16},"end":{"line":53,"column":31}},"loc":{"start":{"line":53,"column":53},"end":{"line":66,"column":1}}},"6":{"name":"(anonymous_6)","decl":{"start":{"line":56,"column":32},"end":{"line":56,"column":39}},"loc":{"start":{"line":56,"column":43},"end":{"line":56,"column":65}}}},"branchMap":{"0":{"loc":{"start":{"line":26,"column":14},"end":{"line":26,"column":27}},"type":"binary-expr","locations":[{"start":{"line":26,"column":14},"end":{"line":26,"column":21}},{"start":{"line":26,"column":25},"end":{"line":26,"column":27}}]},"1":{"loc":{"start":{"line":29,"column":2},"end":{"line":32,"column":3}},"type":"if","locations":[{"start":{"line":29,"column":2},"end":{"line":32,"column":3}},{"start":{},"end":{}}]}},"s":{"0":0,"1":0,"2":0,"3":0,"4":0,"5":0,"6":0,"7":0,"8":0,"9":0,"10":0,"11":0,"12":0,"13":0,"14":0,"15":0,"16":0,"17":0,"18":0,"19":0,"20":0,"21":0,"22":0,"23":0,"24":0,"25":0},"f":{"0":0,"1":0,"2":0,"3":0,"4":0,"5":0,"6":0},"b":{"0":[0,0],"1":[0,0]}}
,"D:\\PROJECTS\\turbo-template\\apps\\backend\\src\\config\\env.config.ts": {"path":"D:\\PROJECTS\\turbo-template\\apps\\backend\\src\\config\\env.config.ts","statementMap":{"0":{"start":{"line":1,"column":0},"end":{"line":1,"column":44}},"1":{"start":{"line":2,"column":0},"end":{"line":2,"column":23}},"2":{"start":{"line":9,"column":13},"end":{"line":29,"column":null}}},"fnMap":{},"branchMap":{"0":{"loc":{"start":{"line":28,"column":17},"end":{"line":28,"column":79}},"type":"binary-expr","locations":[{"start":{"line":28,"column":17},"end":{"line":28,"column":33}},{"start":{"line":28,"column":37},"end":{"line":28,"column":79}}]}},"s":{"0":0,"1":0,"2":0},"f":{},"b":{"0":[0,0]}}
,"D:\\PROJECTS\\turbo-template\\apps\\backend\\src\\config\\swagger.config.ts": {"path":"D:\\PROJECTS\\turbo-template\\apps\\backend\\src\\config\\swagger.config.ts","statementMap":{"0":{"start":{"line":67,"column":0},"end":{"line":67,"column":7}},"1":{"start":{"line":1,"column":0},"end":{"line":1,"column":62}},"2":{"start":{"line":2,"column":0},"end":{"line":2,"column":48}},"3":{"start":{"line":3,"column":0},"end":{"line":3,"column":57}},"4":{"start":{"line":4,"column":0},"end":{"line":4,"column":59}},"5":{"start":{"line":6,"column":0},"end":{"line":6,"column":92}},"6":{"start":{"line":7,"column":0},"end":{"line":7,"column":55}},"7":{"start":{"line":9,"column":15},"end":{"line":9,"column":42}},"8":{"start":{"line":19,"column":19},"end":{"line":21,"column":3}},"9":{"start":{"line":23,"column":25},"end":{"line":23,"column":55}},"10":{"start":{"line":25,"column":1},"end":{"line":42,"column":null}},"11":{"start":{"line":49,"column":17},"end":{"line":49,"column":55}},"12":{"start":{"line":50,"column":19},"end":{"line":50,"column":64}},"13":{"start":{"line":51,"column":18},"end":{"line":51,"column":34}},"14":{"start":{"line":54,"column":1},"end":{"line":56,"column":null}},"15":{"start":{"line":55,"column":2},"end":{"line":55,"column":null}},"16":{"start":{"line":59,"column":1},"end":{"line":59,"column":null}},"17":{"start":{"line":61,"column":1},"end":{"line":61,"column":null}},"18":{"start":{"line":68,"column":18},"end":{"line":68,"column":34}},"19":{"start":{"line":70,"column":1},"end":{"line":73,"column":2}},"20":{"start":{"line":71,"column":2},"end":{"line":71,"column":null}},"21":{"start":{"line":72,"column":2},"end":{"line":72,"column":8}},"22":{"start":{"line":75,"column":1},"end":{"line":75,"column":null}},"23":{"start":{"line":77,"column":1},"end":{"line":79,"column":2}},"24":{"start":{"line":78,"column":2},"end":{"line":78,"column":null}}},"fnMap":{"0":{"name":"generateOpenAPIDocument","decl":{"start":{"line":18,"column":15},"end":{"line":18,"column":38}},"loc":{"start":{"line":18,"column":58},"end":{"line":43,"column":1}}},"1":{"name":"setupVersionedDocs","decl":{"start":{"line":48,"column":15},"end":{"line":48,"column":33}},"loc":{"start":{"line":48,"column":76},"end":{"line":62,"column":1}}},"2":{"name":"(anonymous_2)","decl":{"start":{"line":54,"column":52},"end":{"line":54,"column":53}},"loc":{"start":{"line":54,"column":80},"end":{"line":56,"column":2}}},"3":{"name":"setupSwagger","decl":{"start":{"line":67,"column":22},"end":{"line":67,"column":34}},"loc":{"start":{"line":67,"column":56},"end":{"line":80,"column":1}}}},"branchMap":{"0":{"loc":{"start":{"line":70,"column":1},"end":{"line":73,"column":2}},"type":"if","locations":[{"start":{"line":70,"column":1},"end":{"line":73,"column":2}},{"start":{},"end":{}}]}},"s":{"0":0,"1":0,"2":0,"3":0,"4":0,"5":0,"6":0,"7":0,"8":0,"9":0,"10":0,"11":0,"12":0,"13":0,"14":0,"15":0,"16":0,"17":0,"18":0,"19":0,"20":0,"21":0,"22":0,"23":0,"24":0},"f":{"0":0,"1":0,"2":0,"3":0},"b":{"0":[0,0]}}
,"D:\\PROJECTS\\turbo-template\\apps\\backend\\src\\modules\\v1\\v1.module.ts": {"path":"D:\\PROJECTS\\turbo-template\\apps\\backend\\src\\modules\\v1\\v1.module.ts","statementMap":{"0":{"start":{"line":1,"column":0},"end":{"line":1,"column":39}},"1":{"start":{"line":3,"column":0},"end":{"line":3,"column":59}},"2":{"start":{"line":4,"column":0},"end":{"line":4,"column":53}},"3":{"start":{"line":9,"column":7},"end":{"line":9,"column":null}},"4":{"start":{"line":9,"column":13},"end":{"line":9,"column":21}},"5":{"start":{"line":9,"column":13},"end":{"line":9,"column":null}}},"fnMap":{},"branchMap":{},"s":{"0":0,"1":0,"2":0,"3":0,"4":0,"5":0},"f":{},"b":{}}
,"D:\\PROJECTS\\turbo-template\\apps\\backend\\src\\modules\\v1\\examples\\examples.module.ts": {"path":"D:\\PROJECTS\\turbo-template\\apps\\backend\\src\\modules\\v1\\examples\\examples.module.ts","statementMap":{"0":{"start":{"line":1,"column":0},"end":{"line":1,"column":39}},"1":{"start":{"line":3,"column":0},"end":{"line":3,"column":50}},"2":{"start":{"line":8,"column":7},"end":{"line":8,"column":null}},"3":{"start":{"line":8,"column":13},"end":{"line":8,"column":27}},"4":{"start":{"line":8,"column":13},"end":{"line":8,"column":null}}},"fnMap":{},"branchMap":{},"s":{"0":0,"1":0,"2":0,"3":0,"4":0},"f":{},"b":{}}
,"D:\\PROJECTS\\turbo-template\\apps\\backend\\src\\modules\\v1\\examples\\todos\\todos.controller.ts": {"path":"D:\\PROJECTS\\turbo-template\\apps\\backend\\src\\modules\\v1\\examples\\todos\\todos.controller.ts","statementMap":{"0":{"start":{"line":1,"column":0},"end":{"line":1,"column":43}},"1":{"start":{"line":2,"column":0},"end":{"line":2,"column":38}},"2":{"start":{"line":3,"column":0},"end":{"line":3,"column":40}},"3":{"start":{"line":4,"column":0},"end":{"line":4,"column":88}},"4":{"start":{"line":6,"column":0},"end":{"line":6,"column":49}},"5":{"start":{"line":8,"column":0},"end":{"line":8,"column":46}},"6":{"start":{"line":11,"column":7},"end":{"line":53,"column":null}},"7":{"start":{"line":12,"column":30},"end":{"line":12,"column":44}},"8":{"start":{"line":17,"column":2},"end":{"line":19,"column":null}},"9":{"start":{"line":18,"column":3},"end":{"line":18,"column":null}},"10":{"start":{"line":25,"column":2},"end":{"line":27,"column":null}},"11":{"start":{"line":26,"column":3},"end":{"line":26,"column":null}},"12":{"start":{"line":35,"column":2},"end":{"line":37,"column":null}},"13":{"start":{"line":36,"column":3},"end":{"line":36,"column":null}},"14":{"start":{"line":42,"column":2},"end":{"line":44,"column":null}},"15":{"start":{"line":43,"column":3},"end":{"line":43,"column":null}},"16":{"start":{"line":49,"column":2},"end":{"line":51,"column":null}},"17":{"start":{"line":50,"column":3},"end":{"line":50,"column":null}},"18":{"start":{"line":11,"column":13},"end":{"line":11,"column":28}},"19":{"start":{"line":16,"column":7},"end":{"line":20,"column":null}},"20":{"start":{"line":24,"column":7},"end":{"line":28,"column":null}},"21":{"start":{"line":31,"column":7},"end":{"line":38,"column":null}},"22":{"start":{"line":41,"column":7},"end":{"line":45,"column":null}},"23":{"start":{"line":48,"column":7},"end":{"line":52,"column":null}},"24":{"start":{"line":11,"column":13},"end":{"line":53,"column":null}}},"fnMap":{"0":{"name":"(anonymous_4)","decl":{"start":{"line":12,"column":1},"end":{"line":12,"column":30}},"loc":{"start":{"line":12,"column":56},"end":{"line":12,"column":60}}},"1":{"name":"(anonymous_5)","decl":{"start":{"line":16,"column":7},"end":{"line":16,"column":16}},"loc":{"start":{"line":16,"column":16},"end":{"line":20,"column":2}}},"2":{"name":"(anonymous_6)","decl":{"start":{"line":17,"column":49},"end":{"line":17,"column":54}},"loc":{"start":{"line":17,"column":60},"end":{"line":19,"column":3}}},"3":{"name":"(anonymous_7)","decl":{"start":{"line":24,"column":7},"end":{"line":24,"column":14}},"loc":{"start":{"line":24,"column":14},"end":{"line":28,"column":2}}},"4":{"name":"(anonymous_8)","decl":{"start":{"line":25,"column":48},"end":{"line":25,"column":53}},"loc":{"start":{"line":25,"column":68},"end":{"line":27,"column":3}}},"5":{"name":"(anonymous_9)","decl":{"start":{"line":31,"column":7},"end":{"line":31,"column":17}},"loc":{"start":{"line":33,"column":22},"end":{"line":38,"column":2}}},"6":{"name":"(anonymous_10)","decl":{"start":{"line":35,"column":51},"end":{"line":35,"column":56}},"loc":{"start":{"line":35,"column":71},"end":{"line":37,"column":3}}},"7":{"name":"(anonymous_11)","decl":{"start":{"line":41,"column":7},"end":{"line":41,"column":17}},"loc":{"start":{"line":41,"column":17},"end":{"line":45,"column":2}}},"8":{"name":"(anonymous_12)","decl":{"start":{"line":42,"column":51},"end":{"line":42,"column":56}},"loc":{"start":{"line":42,"column":71},"end":{"line":44,"column":3}}},"9":{"name":"(anonymous_13)","decl":{"start":{"line":48,"column":7},"end":{"line":48,"column":17}},"loc":{"start":{"line":48,"column":17},"end":{"line":52,"column":2}}},"10":{"name":"(anonymous_14)","decl":{"start":{"line":49,"column":51},"end":{"line":49,"column":56}},"loc":{"start":{"line":49,"column":71},"end":{"line":51,"column":3}}}},"branchMap":{"0":{"loc":{"start":{"line":12,"column":44},"end":{"line":12,"column":59}},"type":"cond-expr","locations":[{"start":{"line":12,"column":56},"end":{"line":12,"column":59}},{"start":{"line":12,"column":56},"end":{"line":12,"column":59}}]},"1":{"loc":{"start":{"line":12,"column":44},"end":{"line":12,"column":56}},"type":"binary-expr","locations":[{"start":{"line":12,"column":44},"end":{"line":12,"column":59}},{"start":{"line":12,"column":44},"end":{"line":12,"column":56}}]}},"s":{"0":1,"1":1,"2":1,"3":1,"4":1,"5":1,"6":1,"7":5,"8":0,"9":0,"10":0,"11":0,"12":0,"13":0,"14":0,"15":0,"16":0,"17":0,"18":1,"19":1,"20":1,"21":1,"22":1,"23":1,"24":1},"f":{"0":5,"1":0,"2":0,"3":0,"4":0,"5":0,"6":0,"7":0,"8":0,"9":0,"10":0},"b":{"0":[1,0],"1":[1,1]}}
,"D:\\PROJECTS\\turbo-template\\apps\\backend\\src\\modules\\v1\\examples\\todos\\todos.module.ts": {"path":"D:\\PROJECTS\\turbo-template\\apps\\backend\\src\\modules\\v1\\examples\\todos\\todos.module.ts","statementMap":{"0":{"start":{"line":1,"column":0},"end":{"line":1,"column":39}},"1":{"start":{"line":3,"column":0},"end":{"line":3,"column":52}},"2":{"start":{"line":4,"column":0},"end":{"line":4,"column":46}},"3":{"start":{"line":10,"column":7},"end":{"line":10,"column":null}},"4":{"start":{"line":10,"column":13},"end":{"line":10,"column":24}},"5":{"start":{"line":10,"column":13},"end":{"line":10,"column":null}}},"fnMap":{},"branchMap":{},"s":{"0":0,"1":0,"2":0,"3":0,"4":0,"5":0},"f":{},"b":{}}
,"D:\\PROJECTS\\turbo-template\\apps\\backend\\src\\modules\\v1\\examples\\todos\\todos.service.ts": {"path":"D:\\PROJECTS\\turbo-template\\apps\\backend\\src\\modules\\v1\\examples\\todos\\todos.service.ts","statementMap":{"0":{"start":{"line":1,"column":0},"end":{"line":1,"column":92}},"1":{"start":{"line":2,"column":0},"end":{"line":2,"column":38}},"2":{"start":{"line":4,"column":0},"end":{"line":4,"column":39}},"3":{"start":{"line":6,"column":0},"end":{"line":6,"column":54}},"4":{"start":{"line":14,"column":7},"end":{"line":63,"column":null}},"5":{"start":{"line":16,"column":17},"end":{"line":19,"column":57}},"6":{"start":{"line":20,"column":2},"end":{"line":20,"column":null}},"7":{"start":{"line":24,"column":16},"end":{"line":24,"column":28}},"8":{"start":{"line":25,"column":17},"end":{"line":25,"column":73}},"9":{"start":{"line":26,"column":2},"end":{"line":26,"column":null}},"10":{"start":{"line":26,"column":13},"end":{"line":26,"column":null}},"11":{"start":{"line":27,"column":2},"end":{"line":27,"column":null}},"12":{"start":{"line":31,"column":17},"end":{"line":38,"column":15}},"13":{"start":{"line":39,"column":2},"end":{"line":39,"column":null}},"14":{"start":{"line":39,"column":13},"end":{"line":39,"column":null}},"15":{"start":{"line":40,"column":2},"end":{"line":40,"column":null}},"16":{"start":{"line":44,"column":13},"end":{"line":44,"column":33}},"17":{"start":{"line":45,"column":17},"end":{"line":53,"column":15}},"18":{"start":{"line":54,"column":2},"end":{"line":54,"column":null}},"19":{"start":{"line":54,"column":13},"end":{"line":54,"column":null}},"20":{"start":{"line":55,"column":2},"end":{"line":55,"column":null}},"21":{"start":{"line":59,"column":16},"end":{"line":59,"column":28}},"22":{"start":{"line":60,"column":2},"end":{"line":60,"column":null}},"23":{"start":{"line":61,"column":2},"end":{"line":61,"column":null}},"24":{"start":{"line":14,"column":13},"end":{"line":14,"column":25}},"25":{"start":{"line":14,"column":13},"end":{"line":63,"column":null}}},"fnMap":{"0":{"name":"(anonymous_1)","decl":{"start":{"line":15,"column":1},"end":{"line":15,"column":6}},"loc":{"start":{"line":15,"column":14},"end":{"line":21,"column":2}}},"1":{"name":"(anonymous_2)","decl":{"start":{"line":23,"column":1},"end":{"line":23,"column":6}},"loc":{"start":{"line":23,"column":48},"end":{"line":28,"column":2}}},"2":{"name":"(anonymous_3)","decl":{"start":{"line":30,"column":1},"end":{"line":30,"column":6}},"loc":{"start":{"line":30,"column":83},"end":{"line":41,"column":2}}},"3":{"name":"(anonymous_4)","decl":{"start":{"line":43,"column":1},"end":{"line":43,"column":6}},"loc":{"start":{"line":43,"column":57},"end":{"line":56,"column":2}}},"4":{"name":"(anonymous_5)","decl":{"start":{"line":58,"column":1},"end":{"line":58,"column":6}},"loc":{"start":{"line":58,"column":47},"end":{"line":62,"column":2}}}},"branchMap":{"0":{"loc":{"start":{"line":26,"column":2},"end":{"line":26,"column":null}},"type":"if","locations":[{"start":{"line":26,"column":2},"end":{"line":26,"column":null}},{"start":{},"end":{}}]},"1":{"loc":{"start":{"line":35,"column":15},"end":{"line":35,"column":41}},"type":"binary-expr","locations":[{"start":{"line":35,"column":15},"end":{"line":35,"column":32}},{"start":{"line":35,"column":36},"end":{"line":35,"column":41}}]},"2":{"loc":{"start":{"line":39,"column":2},"end":{"line":39,"column":null}},"type":"if","locations":[{"start":{"line":39,"column":2},"end":{"line":39,"column":null}},{"start":{},"end":{}}]},"3":{"loc":{"start":{"line":49,"column":15},"end":{"line":49,"column":41}},"type":"binary-expr","locations":[{"start":{"line":49,"column":15},"end":{"line":49,"column":32}},{"start":{"line":49,"column":36},"end":{"line":49,"column":41}}]},"4":{"loc":{"start":{"line":54,"column":2},"end":{"line":54,"column":null}},"type":"if","locations":[{"start":{"line":54,"column":2},"end":{"line":54,"column":null}},{"start":{},"end":{}}]}},"s":{"0":1,"1":1,"2":1,"3":1,"4":1,"5":1,"6":1,"7":0,"8":0,"9":0,"10":0,"11":0,"12":1,"13":1,"14":0,"15":1,"16":1,"17":1,"18":1,"19":0,"20":1,"21":1,"22":1,"23":1,"24":1,"25":1},"f":{"0":1,"1":0,"2":1,"3":1,"4":1},"b":{"0":[0,0],"1":[1,0],"2":[0,1],"3":[1,1],"4":[0,1]}}
,"D:\\PROJECTS\\turbo-template\\apps\\backend\\src\\modules\\v1\\health\\health.controller.ts": {"path":"D:\\PROJECTS\\turbo-template\\apps\\backend\\src\\modules\\v1\\health\\health.controller.ts","statementMap":{"0":{"start":{"line":1,"column":0},"end":{"line":1,"column":43}},"1":{"start":{"line":2,"column":0},"end":{"line":2,"column":38}},"2":{"start":{"line":3,"column":0},"end":{"line":3,"column":40}},"3":{"start":{"line":4,"column":0},"end":{"line":4,"column":61}},"4":{"start":{"line":6,"column":0},"end":{"line":6,"column":49}},"5":{"start":{"line":8,"column":0},"end":{"line":8,"column":48}},"6":{"start":{"line":11,"column":7},"end":{"line":21,"column":null}},"7":{"start":{"line":12,"column":30},"end":{"line":12,"column":39}},"8":{"start":{"line":17,"column":2},"end":{"line":19,"column":null}},"9":{"start":{"line":18,"column":3},"end":{"line":18,"column":null}},"10":{"start":{"line":11,"column":13},"end":{"line":11,"column":29}},"11":{"start":{"line":16,"column":7},"end":{"line":20,"column":null}},"12":{"start":{"line":11,"column":13},"end":{"line":21,"column":null}}},"fnMap":{"0":{"name":"(anonymous_2)","decl":{"start":{"line":12,"column":1},"end":{"line":12,"column":30}},"loc":{"start":{"line":12,"column":52},"end":{"line":12,"column":56}}},"1":{"name":"(anonymous_3)","decl":{"start":{"line":16,"column":7},"end":{"line":16,"column":12}},"loc":{"start":{"line":16,"column":12},"end":{"line":20,"column":2}}},"2":{"name":"(anonymous_4)","decl":{"start":{"line":17,"column":44},"end":{"line":17,"column":49}},"loc":{"start":{"line":17,"column":55},"end":{"line":19,"column":3}}}},"branchMap":{"0":{"loc":{"start":{"line":12,"column":39},"end":{"line":12,"column":55}},"type":"cond-expr","locations":[{"start":{"line":12,"column":52},"end":{"line":12,"column":55}},{"start":{"line":12,"column":52},"end":{"line":12,"column":55}}]},"1":{"loc":{"start":{"line":12,"column":39},"end":{"line":12,"column":52}},"type":"binary-expr","locations":[{"start":{"line":12,"column":39},"end":{"line":12,"column":55}},{"start":{"line":12,"column":39},"end":{"line":12,"column":52}}]}},"s":{"0":0,"1":0,"2":0,"3":0,"4":0,"5":0,"6":0,"7":0,"8":0,"9":0,"10":0,"11":0,"12":0},"f":{"0":0,"1":0,"2":0},"b":{"0":[0,0],"1":[0,0]}}
,"D:\\PROJECTS\\turbo-template\\apps\\backend\\src\\modules\\v1\\health\\health.module.ts": {"path":"D:\\PROJECTS\\turbo-template\\apps\\backend\\src\\modules\\v1\\health\\health.module.ts","statementMap":{"0":{"start":{"line":1,"column":0},"end":{"line":1,"column":39}},"1":{"start":{"line":3,"column":0},"end":{"line":3,"column":72}},"2":{"start":{"line":4,"column":0},"end":{"line":4,"column":66}},"3":{"start":{"line":10,"column":7},"end":{"line":10,"column":null}},"4":{"start":{"line":10,"column":13},"end":{"line":10,"column":25}},"5":{"start":{"line":10,"column":13},"end":{"line":10,"column":null}}},"fnMap":{},"branchMap":{},"s":{"0":0,"1":0,"2":0,"3":0,"4":0,"5":0},"f":{},"b":{}}
,"D:\\PROJECTS\\turbo-template\\apps\\backend\\src\\modules\\v1\\health\\health.service.ts": {"path":"D:\\PROJECTS\\turbo-template\\apps\\backend\\src\\modules\\v1\\health\\health.service.ts","statementMap":{"0":{"start":{"line":1,"column":0},"end":{"line":1,"column":43}},"1":{"start":{"line":2,"column":0},"end":{"line":2,"column":33}},"2":{"start":{"line":4,"column":0},"end":{"line":4,"column":54}},"3":{"start":{"line":6,"column":0},"end":{"line":6,"column":41}},"4":{"start":{"line":11,"column":7},"end":{"line":47,"column":null}},"5":{"start":{"line":14,"column":14},"end":{"line":14,"column":24}},"6":{"start":{"line":15,"column":17},"end":{"line":15,"column":52}},"7":{"start":{"line":16,"column":18},"end":{"line":16,"column":60}},"8":{"start":{"line":17,"column":22},"end":{"line":17,"column":34}},"9":{"start":{"line":20,"column":19},"end":{"line":20,"column":45}},"10":{"start":{"line":22,"column":17},"end":{"line":22,"column":58}},"11":{"start":{"line":24,"column":2},"end":{"line":33,"column":null}},"12":{"start":{"line":37,"column":2},"end":{"line":45,"column":3}},"13":{"start":{"line":38,"column":3},"end":{"line":38,"column":null}},"14":{"start":{"line":39,"column":3},"end":{"line":39,"column":null}},"15":{"start":{"line":41,"column":3},"end":{"line":44,"column":null}},"16":{"start":{"line":11,"column":13},"end":{"line":11,"column":26}},"17":{"start":{"line":11,"column":13},"end":{"line":47,"column":null}}},"fnMap":{"0":{"name":"(anonymous_1)","decl":{"start":{"line":12,"column":1},"end":{"line":12,"column":6}},"loc":{"start":{"line":12,"column":12},"end":{"line":34,"column":2}}},"1":{"name":"(anonymous_2)","decl":{"start":{"line":36,"column":9},"end":{"line":36,"column":14}},"loc":{"start":{"line":36,"column":28},"end":{"line":46,"column":2}}}},"branchMap":{"0":{"loc":{"start":{"line":16,"column":18},"end":{"line":16,"column":60}},"type":"binary-expr","locations":[{"start":{"line":16,"column":18},"end":{"line":16,"column":49}},{"start":{"line":16,"column":53},"end":{"line":16,"column":60}}]},"1":{"loc":{"start":{"line":22,"column":17},"end":{"line":22,"column":58}},"type":"cond-expr","locations":[{"start":{"line":22,"column":44},"end":{"line":22,"column":48}},{"start":{"line":22,"column":51},"end":{"line":22,"column":58}}]},"2":{"loc":{"start":{"line":43,"column":14},"end":{"line":43,"column":65}},"type":"binary-expr","locations":[{"start":{"line":43,"column":14},"end":{"line":43,"column":38}},{"start":{"line":43,"column":42},"end":{"line":43,"column":65}}]}},"s":{"0":0,"1":0,"2":0,"3":0,"4":0,"5":0,"6":0,"7":0,"8":0,"9":0,"10":0,"11":0,"12":0,"13":0,"14":0,"15":0,"16":0,"17":0},"f":{"0":0,"1":0},"b":{"0":[0,0],"1":[0,0],"2":[0,0]}}
,"D:\\PROJECTS\\turbo-template\\apps\\backend\\src\\utils\\openapi.ts": {"path":"D:\\PROJECTS\\turbo-template\\apps\\backend\\src\\utils\\openapi.ts","statementMap":{"0":{"start":{"line":112,"column":0},"end":{"line":112,"column":7}},"1":{"start":{"line":120,"column":0},"end":{"line":120,"column":7}},"2":{"start":{"line":1,"column":0},"end":{"line":1,"column":36}},"3":{"start":{"line":19,"column":57},"end":{"line":48,"column":null}},"4":{"start":{"line":54,"column":1},"end":{"line":54,"column":null}},"5":{"start":{"line":54,"column":25},"end":{"line":54,"column":77}},"6":{"start":{"line":64,"column":1},"end":{"line":64,"column":null}},"7":{"start":{"line":64,"column":27},"end":{"line":64,"column":null}},"8":{"start":{"line":65,"column":1},"end":{"line":65,"column":null}},"9":{"start":{"line":65,"column":12},"end":{"line":65,"column":null}},"10":{"start":{"line":66,"column":1},"end":{"line":66,"column":null}},"11":{"start":{"line":66,"column":18},"end":{"line":66,"column":null}},"12":{"start":{"line":67,"column":1},"end":{"line":67,"column":null}},"13":{"start":{"line":80,"column":47},"end":{"line":80,"column":49}},"14":{"start":{"line":82,"column":1},"end":{"line":104,"column":2}},"15":{"start":{"line":83,"column":23},"end":{"line":83,"column":41}},"16":{"start":{"line":84,"column":18},"end":{"line":84,"column":33}},"17":{"start":{"line":86,"column":53},"end":{"line":86,"column":55}},"18":{"start":{"line":87,"column":2},"end":{"line":102,"column":3}},"19":{"start":{"line":88,"column":3},"end":{"line":88,"column":46}},"20":{"start":{"line":88,"column":38},"end":{"line":88,"column":46}},"21":{"start":{"line":90,"column":21},"end":{"line":90,"column":50}},"22":{"start":{"line":91,"column":17},"end":{"line":91,"column":62}},"23":{"start":{"line":93,"column":3},"end":{"line":101,"column":null}},"24":{"start":{"line":97,"column":20},"end":{"line":97,"column":31}},"25":{"start":{"line":100,"column":15},"end":{"line":100,"column":21}},"26":{"start":{"line":103,"column":2},"end":{"line":103,"column":null}},"27":{"start":{"line":106,"column":1},"end":{"line":106,"column":null}},"28":{"start":{"line":113,"column":13},"end":{"line":113,"column":98}},"29":{"start":{"line":114,"column":1},"end":{"line":114,"column":null}},"30":{"start":{"line":124,"column":1},"end":{"line":162,"column":2}},"31":{"start":{"line":125,"column":21},"end":{"line":125,"column":39}},"32":{"start":{"line":126,"column":27},"end":{"line":126,"column":59}},"33":{"start":{"line":127,"column":17},"end":{"line":127,"column":26}},"34":{"start":{"line":128,"column":17},"end":{"line":128,"column":23}},"35":{"start":{"line":130,"column":22},"end":{"line":132,"column":64}},"36":{"start":{"line":134,"column":24},"end":{"line":139,"column":null}},"37":{"start":{"line":142,"column":2},"end":{"line":158,"column":null}},"38":{"start":{"line":160,"column":2},"end":{"line":160,"column":null}},"39":{"start":{"line":161,"column":2},"end":{"line":161,"column":null}}},"fnMap":{"0":{"name":"mapTags","decl":{"start":{"line":53,"column":9},"end":{"line":53,"column":16}},"loc":{"start":{"line":53,"column":86},"end":{"line":55,"column":1}}},"1":{"name":"(anonymous_1)","decl":{"start":{"line":54,"column":17},"end":{"line":54,"column":20}},"loc":{"start":{"line":54,"column":25},"end":{"line":54,"column":77}}},"2":{"name":"mergeComponents","decl":{"start":{"line":60,"column":9},"end":{"line":60,"column":24}},"loc":{"start":{"line":62,"column":15},"end":{"line":68,"column":1}}},"3":{"name":"transformPathOperations","decl":{"start":{"line":73,"column":9},"end":{"line":73,"column":32}},"loc":{"start":{"line":78,"column":15},"end":{"line":107,"column":1}}},"4":{"name":"(anonymous_4)","decl":{"start":{"line":97,"column":14},"end":{"line":97,"column":15}},"loc":{"start":{"line":97,"column":20},"end":{"line":97,"column":31}}},"5":{"name":"(anonymous_5)","decl":{"start":{"line":100,"column":10},"end":{"line":100,"column":11}},"loc":{"start":{"line":100,"column":15},"end":{"line":100,"column":21}}},"6":{"name":"generateBetterAuthSchema","decl":{"start":{"line":112,"column":22},"end":{"line":112,"column":46}},"loc":{"start":{"line":112,"column":46},"end":{"line":115,"column":1}}},"7":{"name":"mergeBetterAuthSchema","decl":{"start":{"line":120,"column":22},"end":{"line":120,"column":43}},"loc":{"start":{"line":122,"column":16},"end":{"line":163,"column":1}}}},"branchMap":{"0":{"loc":{"start":{"line":54,"column":25},"end":{"line":54,"column":77}},"type":"cond-expr","locations":[{"start":{"line":54,"column":47},"end":{"line":54,"column":71}},{"start":{"line":54,"column":74},"end":{"line":54,"column":77}}]},"1":{"loc":{"start":{"line":64,"column":1},"end":{"line":64,"column":null}},"type":"if","locations":[{"start":{"line":64,"column":1},"end":{"line":64,"column":null}},{"start":{},"end":{}}]},"2":{"loc":{"start":{"line":64,"column":5},"end":{"line":64,"column":25}},"type":"binary-expr","locations":[{"start":{"line":64,"column":5},"end":{"line":64,"column":10}},{"start":{"line":64,"column":14},"end":{"line":64,"column":25}}]},"3":{"loc":{"start":{"line":65,"column":1},"end":{"line":65,"column":null}},"type":"if","locations":[{"start":{"line":65,"column":1},"end":{"line":65,"column":null}},{"start":{},"end":{}}]},"4":{"loc":{"start":{"line":66,"column":1},"end":{"line":66,"column":null}},"type":"if","locations":[{"start":{"line":66,"column":1},"end":{"line":66,"column":null}},{"start":{},"end":{}}]},"5":{"loc":{"start":{"line":82,"column":46},"end":{"line":82,"column":57}},"type":"binary-expr","locations":[{"start":{"line":82,"column":46},"end":{"line":82,"column":51}},{"start":{"line":82,"column":55},"end":{"line":82,"column":57}}]},"6":{"loc":{"start":{"line":87,"column":44},"end":{"line":87,"column":57}},"type":"binary-expr","locations":[{"start":{"line":87,"column":44},"end":{"line":87,"column":51}},{"start":{"line":87,"column":55},"end":{"line":87,"column":57}}]},"7":{"loc":{"start":{"line":88,"column":3},"end":{"line":88,"column":46}},"type":"if","locations":[{"start":{"line":88,"column":3},"end":{"line":88,"column":46}},{"start":{},"end":{}}]},"8":{"loc":{"start":{"line":88,"column":7},"end":{"line":88,"column":36}},"type":"binary-expr","locations":[{"start":{"line":88,"column":7},"end":{"line":88,"column":10}},{"start":{"line":88,"column":14},"end":{"line":88,"column":36}}]},"9":{"loc":{"start":{"line":91,"column":17},"end":{"line":91,"column":62}},"type":"binary-expr","locations":[{"start":{"line":91,"column":17},"end":{"line":91,"column":56}},{"start":{"line":91,"column":60},"end":{"line":91,"column":62}}]},"10":{"loc":{"start":{"line":95,"column":13},"end":{"line":95,"column":66}},"type":"binary-expr","locations":[{"start":{"line":95,"column":13},"end":{"line":95,"column":20}},{"start":{"line":95,"column":24},"end":{"line":95,"column":66}}]},"11":{"loc":{"start":{"line":130,"column":22},"end":{"line":132,"column":64}},"type":"cond-expr","locations":[{"start":{"line":131,"column":5},"end":{"line":131,"column":51}},{"start":{"line":132,"column":5},"end":{"line":132,"column":64}}]},"12":{"loc":{"start":{"line":145,"column":8},"end":{"line":145,"column":27}},"type":"binary-expr","locations":[{"start":{"line":145,"column":8},"end":{"line":145,"column":21}},{"start":{"line":145,"column":25},"end":{"line":145,"column":27}}]},"13":{"loc":{"start":{"line":148,"column":14},"end":{"line":148,"column":32}},"type":"binary-expr","locations":[{"start":{"line":148,"column":14},"end":{"line":148,"column":26}},{"start":{"line":148,"column":30},"end":{"line":148,"column":32}}]},"14":{"loc":{"start":{"line":150,"column":8},"end":{"line":150,"column":32}},"type":"binary-expr","locations":[{"start":{"line":150,"column":8},"end":{"line":150,"column":26}},{"start":{"line":150,"column":30},"end":{"line":150,"column":32}}]},"15":{"loc":{"start":{"line":151,"column":8},"end":{"line":151,"column":41}},"type":"binary-expr","locations":[{"start":{"line":151,"column":8},"end":{"line":151,"column":35}},{"start":{"line":151,"column":39},"end":{"line":151,"column":41}}]}},"s":{"0":0,"1":0,"2":0,"3":0,"4":0,"5":0,"6":0,"7":0,"8":0,"9":0,"10":0,"11":0,"12":0,"13":0,"14":0,"15":0,"16":0,"17":0,"18":0,"19":0,"20":0,"21":0,"22":0,"23":0,"24":0,"25":0,"26":0,"27":0,"28":0,"29":0,"30":0,"31":0,"32":0,"33":0,"34":0,"35":0,"36":0,"37":0,"38":0,"39":0},"f":{"0":0,"1":0,"2":0,"3":0,"4":0,"5":0,"6":0,"7":0},"b":{"0":[0,0],"1":[0,0],"2":[0,0],"3":[0,0],"4":[0,0],"5":[0,0],"6":[0,0],"7":[0,0],"8":[0,0],"9":[0,0],"10":[0,0],"11":[0,0],"12":[0,0],"13":[0,0],"14":[0,0],"15":[0,0]}}
}
