TN:
SF:src\app.module.ts
FN:21,(anonymous_1)
FNF:1
FNH:0
FNDA:0,(anonymous_1)
DA:1,0
DA:2,0
DA:3,0
DA:4,0
DA:5,0
DA:7,0
DA:9,0
DA:10,0
DA:12,0
DA:13,0
DA:21,0
DA:46,0
LF:12
LH:0
BRF:0
BRH:0
end_of_record
TN:
SF:src\bootstrap.ts
FN:15,setupVersioning
FN:24,createApplication
FN:39,startApplication
FN:50,bootstrap
FNF:4
FNH:0
FNDA:0,setupVersioning
FNDA:0,createApplication
FNDA:0,startApplication
FNDA:0,bootstrap
DA:1,0
DA:2,0
DA:4,0
DA:5,0
DA:6,0
DA:7,0
DA:8,0
DA:10,0
DA:16,0
DA:17,0
DA:18,0
DA:25,0
DA:26,0
DA:28,0
DA:29,0
DA:30,0
DA:31,0
DA:33,0
DA:40,0
DA:41,0
DA:43,0
DA:44,0
DA:50,0
DA:51,0
DA:52,0
DA:53,0
DA:55,0
DA:56,0
LF:28
LH:0
BRF:0
BRH:0
end_of_record
TN:
SF:src\main.ts
FNF:0
FNH:0
DA:1,0
DA:2,0
DA:4,0
DA:6,0
LF:4
LH:0
BRF:0
BRH:0
end_of_record
TN:
SF:src\common\database\database.client.ts
FNF:0
FNH:0
DA:1,0
DA:3,0
DA:5,0
DA:20,0
LF:4
LH:0
BRF:0
BRH:0
end_of_record
TN:
SF:src\common\decorators\api-endpoint.decorator.ts
FN:28,ApiEndpoint
FNF:1
FNH:0
FNDA:0,ApiEndpoint
DA:1,0
DA:2,0
DA:28,0
DA:29,0
DA:32,0
DA:35,0
DA:36,0
DA:38,0
DA:41,0
DA:42,0
DA:43,0
DA:52,0
LF:12
LH:0
BRDA:35,0,0,0
BRDA:35,0,1,0
BRDA:41,1,0,0
BRDA:41,1,1,0
BRDA:42,2,0,0
BRDA:42,2,1,0
BRF:6
BRH:0
end_of_record
TN:
SF:src\common\filters\http-exception.filter.ts
FN:9,(anonymous_1)
FN:36,(anonymous_2)
FNF:2
FNH:0
FNDA:0,(anonymous_1)
FNDA:0,(anonymous_2)
DA:1,0
DA:2,0
DA:3,0
DA:6,0
DA:7,0
DA:10,0
DA:11,0
DA:12,0
DA:13,0
DA:16,0
DA:17,0
DA:18,0
DA:19,0
DA:27,0
DA:28,0
DA:29,0
DA:30,0
DA:31,0
DA:34,0
DA:36,0
DA:39,0
DA:40,0
DA:43,0
DA:47,0
DA:52,0
DA:53,0
DA:56,0
DA:62,0
LF:28
LH:0
BRDA:16,0,0,0
BRDA:16,0,1,0
BRDA:18,1,0,0
BRDA:18,1,1,0
BRDA:27,2,0,0
BRDA:27,2,1,0
BRDA:29,3,0,0
BRDA:29,3,1,0
BRDA:29,4,0,0
BRDA:29,4,1,0
BRDA:31,5,0,0
BRDA:31,5,1,0
BRDA:39,6,0,0
BRDA:39,6,1,0
BRDA:52,7,0,0
BRDA:52,7,1,0
BRF:16
BRH:0
end_of_record
TN:
SF:src\common\orpc\orpc.module.ts
FN:15,(anonymous_1)
FN:16,(anonymous_2)
FNF:2
FNH:0
FNDA:0,(anonymous_1)
FNDA:0,(anonymous_2)
DA:1,0
DA:2,0
DA:15,0
DA:17,0
DA:18,0
DA:27,0
LF:6
LH:0
BRF:0
BRH:0
end_of_record
TN:
SF:src\config\api-versions.config.ts
FN:6,(anonymous_0)
FN:24,getVersionKeys
FN:31,getVersionContract
FNF:3
FNH:0
FNDA:0,(anonymous_0)
FNDA:0,getVersionKeys
FNDA:0,getVersionContract
DA:1,0
DA:6,0
DA:14,0
DA:24,0
DA:25,0
DA:31,0
DA:32,0
LF:7
LH:0
BRF:0
BRH:0
end_of_record
TN:
SF:src\config\app.config.ts
FN:13,configureBodyParser
FN:23,configureCors
FN:24,(anonymous_11)
FN:32,enableGracefulShutdown
FN:33,(anonymous_13)
FN:45,(anonymous_14)
FN:46,(anonymous_15)
FN:54,configureApp
FNF:8
FNH:0
FNDA:0,configureBodyParser
FNDA:0,configureCors
FNDA:0,(anonymous_11)
FNDA:0,enableGracefulShutdown
FNDA:0,(anonymous_13)
FNDA:0,(anonymous_14)
FNDA:0,(anonymous_15)
FNDA:0,configureApp
DA:1,0
DA:2,0
DA:4,0
DA:6,0
DA:14,0
DA:15,0
DA:16,0
DA:17,0
DA:24,0
DA:25,0
DA:26,0
DA:33,0
DA:34,0
DA:35,0
DA:36,0
DA:37,0
DA:38,0
DA:40,0
DA:41,0
DA:45,0
DA:46,0
DA:47,0
DA:54,0
DA:55,0
DA:56,0
DA:57,0
LF:26
LH:0
BRF:0
BRH:0
end_of_record
TN:
SF:src\config\auth.config.ts
FN:22,createAuthMiddleware
FN:25,(anonymous_1)
FN:27,(anonymous_2)
FN:41,registerAuthOpenApiEndpoint
FN:42,(anonymous_4)
FN:53,setupBetterAuth
FN:56,(anonymous_6)
FNF:7
FNH:0
FNDA:0,createAuthMiddleware
FNDA:0,(anonymous_1)
FNDA:0,(anonymous_2)
FNDA:0,registerAuthOpenApiEndpoint
FNDA:0,(anonymous_4)
FNDA:0,setupBetterAuth
FNDA:0,(anonymous_6)
DA:1,0
DA:3,0
DA:5,0
DA:7,0
DA:8,0
DA:10,0
DA:23,0
DA:25,0
DA:26,0
DA:27,0
DA:29,0
DA:30,0
DA:31,0
DA:34,0
DA:42,0
DA:43,0
DA:53,0
DA:54,0
DA:55,0
DA:56,0
DA:59,0
DA:62,0
DA:63,0
DA:64,0
LF:24
LH:0
BRDA:26,0,0,0
BRDA:26,0,1,0
BRDA:29,1,0,0
BRDA:29,1,1,0
BRF:4
BRH:0
end_of_record
TN:
SF:src\config\env.config.ts
FNF:0
FNH:0
DA:1,0
DA:2,0
DA:9,0
LF:3
LH:0
BRDA:28,0,0,0
BRDA:28,0,1,0
BRF:2
BRH:0
end_of_record
TN:
SF:src\config\swagger.config.ts
FN:18,generateOpenAPIDocument
FN:48,setupVersionedDocs
FN:54,(anonymous_2)
FN:67,setupSwagger
FNF:4
FNH:0
FNDA:0,generateOpenAPIDocument
FNDA:0,setupVersionedDocs
FNDA:0,(anonymous_2)
FNDA:0,setupSwagger
DA:1,0
DA:2,0
DA:3,0
DA:4,0
DA:6,0
DA:7,0
DA:9,0
DA:19,0
DA:23,0
DA:25,0
DA:49,0
DA:50,0
DA:51,0
DA:54,0
DA:55,0
DA:59,0
DA:61,0
DA:67,0
DA:68,0
DA:70,0
DA:71,0
DA:72,0
DA:75,0
DA:77,0
DA:78,0
LF:25
LH:0
BRDA:70,0,0,0
BRDA:70,0,1,0
BRF:2
BRH:0
end_of_record
TN:
SF:src\modules\v1\v1.module.ts
FNF:0
FNH:0
DA:1,0
DA:3,0
DA:4,0
DA:9,0
LF:4
LH:0
BRF:0
BRH:0
end_of_record
TN:
SF:src\modules\v1\examples\examples.module.ts
FNF:0
FNH:0
DA:1,0
DA:3,0
DA:8,0
LF:3
LH:0
BRF:0
BRH:0
end_of_record
TN:
SF:src\modules\v1\examples\todos\todos.controller.ts
FN:12,(anonymous_4)
FN:16,(anonymous_5)
FN:17,(anonymous_6)
FN:24,(anonymous_7)
FN:25,(anonymous_8)
FN:31,(anonymous_9)
FN:35,(anonymous_10)
FN:41,(anonymous_11)
FN:42,(anonymous_12)
FN:48,(anonymous_13)
FN:49,(anonymous_14)
FNF:11
FNH:1
FNDA:5,(anonymous_4)
FNDA:0,(anonymous_5)
FNDA:0,(anonymous_6)
FNDA:0,(anonymous_7)
FNDA:0,(anonymous_8)
FNDA:0,(anonymous_9)
FNDA:0,(anonymous_10)
FNDA:0,(anonymous_11)
FNDA:0,(anonymous_12)
FNDA:0,(anonymous_13)
FNDA:0,(anonymous_14)
DA:1,1
DA:2,1
DA:3,1
DA:4,1
DA:6,1
DA:8,1
DA:11,1
DA:12,5
DA:16,1
DA:17,0
DA:18,0
DA:24,1
DA:25,0
DA:26,0
DA:31,1
DA:35,0
DA:36,0
DA:41,1
DA:42,0
DA:43,0
DA:48,1
DA:49,0
DA:50,0
LF:23
LH:13
BRDA:12,0,0,1
BRDA:12,0,1,0
BRDA:12,1,0,1
BRDA:12,1,1,1
BRF:4
BRH:3
end_of_record
TN:
SF:src\modules\v1\examples\todos\todos.module.ts
FNF:0
FNH:0
DA:1,0
DA:3,0
DA:4,0
DA:10,0
LF:4
LH:0
BRF:0
BRH:0
end_of_record
TN:
SF:src\modules\v1\examples\todos\todos.service.ts
FN:15,(anonymous_1)
FN:23,(anonymous_2)
FN:30,(anonymous_3)
FN:43,(anonymous_4)
FN:58,(anonymous_5)
FNF:5
FNH:4
FNDA:1,(anonymous_1)
FNDA:0,(anonymous_2)
FNDA:1,(anonymous_3)
FNDA:1,(anonymous_4)
FNDA:1,(anonymous_5)
DA:1,1
DA:2,1
DA:4,1
DA:6,1
DA:14,1
DA:16,1
DA:20,1
DA:24,0
DA:25,0
DA:26,0
DA:27,0
DA:31,1
DA:39,1
DA:40,1
DA:44,1
DA:45,1
DA:54,1
DA:55,1
DA:59,1
DA:60,1
DA:61,1
LF:21
LH:17
BRDA:26,0,0,0
BRDA:26,0,1,0
BRDA:35,1,0,1
BRDA:35,1,1,0
BRDA:39,2,0,0
BRDA:39,2,1,1
BRDA:49,3,0,1
BRDA:49,3,1,1
BRDA:54,4,0,0
BRDA:54,4,1,1
BRF:10
BRH:5
end_of_record
TN:
SF:src\modules\v1\health\health.controller.ts
FN:12,(anonymous_2)
FN:16,(anonymous_3)
FN:17,(anonymous_4)
FNF:3
FNH:0
FNDA:0,(anonymous_2)
FNDA:0,(anonymous_3)
FNDA:0,(anonymous_4)
DA:1,0
DA:2,0
DA:3,0
DA:4,0
DA:6,0
DA:8,0
DA:11,0
DA:12,0
DA:16,0
DA:17,0
DA:18,0
LF:11
LH:0
BRDA:12,0,0,0
BRDA:12,0,1,0
BRDA:12,1,0,0
BRDA:12,1,1,0
BRF:4
BRH:0
end_of_record
TN:
SF:src\modules\v1\health\health.module.ts
FNF:0
FNH:0
DA:1,0
DA:3,0
DA:4,0
DA:10,0
LF:4
LH:0
BRF:0
BRH:0
end_of_record
TN:
SF:src\modules\v1\health\health.service.ts
FN:12,(anonymous_1)
FN:36,(anonymous_2)
FNF:2
FNH:0
FNDA:0,(anonymous_1)
FNDA:0,(anonymous_2)
DA:1,0
DA:2,0
DA:4,0
DA:6,0
DA:11,0
DA:14,0
DA:15,0
DA:16,0
DA:17,0
DA:20,0
DA:22,0
DA:24,0
DA:37,0
DA:38,0
DA:39,0
DA:41,0
LF:16
LH:0
BRDA:16,0,0,0
BRDA:16,0,1,0
BRDA:22,1,0,0
BRDA:22,1,1,0
BRDA:43,2,0,0
BRDA:43,2,1,0
BRF:6
BRH:0
end_of_record
TN:
SF:src\utils\openapi.ts
FN:53,mapTags
FN:54,(anonymous_1)
FN:60,mergeComponents
FN:73,transformPathOperations
FN:97,(anonymous_4)
FN:100,(anonymous_5)
FN:112,generateBetterAuthSchema
FN:120,mergeBetterAuthSchema
FNF:8
FNH:0
FNDA:0,mapTags
FNDA:0,(anonymous_1)
FNDA:0,mergeComponents
FNDA:0,transformPathOperations
FNDA:0,(anonymous_4)
FNDA:0,(anonymous_5)
FNDA:0,generateBetterAuthSchema
FNDA:0,mergeBetterAuthSchema
DA:1,0
DA:19,0
DA:54,0
DA:64,0
DA:65,0
DA:66,0
DA:67,0
DA:80,0
DA:82,0
DA:83,0
DA:84,0
DA:86,0
DA:87,0
DA:88,0
DA:90,0
DA:91,0
DA:93,0
DA:97,0
DA:100,0
DA:103,0
DA:106,0
DA:112,0
DA:113,0
DA:114,0
DA:120,0
DA:124,0
DA:125,0
DA:126,0
DA:127,0
DA:128,0
DA:130,0
DA:134,0
DA:142,0
DA:160,0
DA:161,0
LF:35
LH:0
BRDA:54,0,0,0
BRDA:54,0,1,0
BRDA:64,1,0,0
BRDA:64,1,1,0
BRDA:64,2,0,0
BRDA:64,2,1,0
BRDA:65,3,0,0
BRDA:65,3,1,0
BRDA:66,4,0,0
BRDA:66,4,1,0
BRDA:82,5,0,0
BRDA:82,5,1,0
BRDA:87,6,0,0
BRDA:87,6,1,0
BRDA:88,7,0,0
BRDA:88,7,1,0
BRDA:88,8,0,0
BRDA:88,8,1,0
BRDA:91,9,0,0
BRDA:91,9,1,0
BRDA:95,10,0,0
BRDA:95,10,1,0
BRDA:130,11,0,0
BRDA:130,11,1,0
BRDA:145,12,0,0
BRDA:145,12,1,0
BRDA:148,13,0,0
BRDA:148,13,1,0
BRDA:150,14,0,0
BRDA:150,14,1,0
BRDA:151,15,0,0
BRDA:151,15,1,0
BRF:32
BRH:0
end_of_record
