{"D:\\PROJECTS\\turbo-template\\apps\\web\\env.ts": {"path":"D:\\PROJECTS\\turbo-template\\apps\\web\\env.ts","statementMap":{"0":{"start":{"line":10,"column":13},"end":{"line":54,"column":2}}},"fnMap":{},"branchMap":{"0":{"loc":{"start":{"line":53,"column":17},"end":{"line":53,"column":null}},"type":"binary-expr","locations":[{"start":{"line":53,"column":17},"end":{"line":53,"column":37}},{"start":{"line":53,"column":37},"end":{"line":53,"column":null}}],"line":53}},"s":{"0":2},"f":{},"b":{"0":[2,2]},"meta":{"lastBranch":1,"lastFunction":0,"lastStatement":1,"seen":{"s:10:13:54:2":0,"b:53:17:53:37:53:37:53:Infinity":0}}}
,"D:\\PROJECTS\\turbo-template\\apps\\web\\core\\components\\ui\\button.tsx": {"path":"D:\\PROJECTS\\turbo-template\\apps\\web\\core\\components\\ui\\button.tsx","statementMap":{"0":{"start":{"line":1,"column":0},"end":{"line":1,"column":null}},"1":{"start":{"line":8,"column":6},"end":{"line":42,"column":null}},"2":{"start":{"line":50,"column":1},"end":{"line":55,"column":null}}},"fnMap":{"0":{"name":"Button","decl":{"start":{"line":49,"column":9},"end":{"line":49,"column":16}},"loc":{"start":{"line":49,"column":93},"end":{"line":55,"column":null}},"line":49}},"branchMap":{"0":{"loc":{"start":{"line":49,"column":29},"end":{"line":49,"column":50}},"type":"default-arg","locations":[{"start":{"line":49,"column":39},"end":{"line":49,"column":50}}],"line":49},"1":{"loc":{"start":{"line":49,"column":50},"end":{"line":49,"column":68}},"type":"default-arg","locations":[{"start":{"line":49,"column":57},"end":{"line":49,"column":68}}],"line":49}},"s":{"0":1,"1":1,"2":10},"f":{"0":10},"b":{"0":[10],"1":[10]},"meta":{"lastBranch":2,"lastFunction":1,"lastStatement":3,"seen":{"s:1:0:1:Infinity":0,"s:8:6:42:Infinity":1,"f:49:9:49:16":0,"b:49:39:49:50":0,"b:49:57:49:68":1,"s:50:1:55:Infinity":2}}}
,"D:\\PROJECTS\\turbo-template\\apps\\web\\core\\components\\ui\\input.tsx": {"path":"D:\\PROJECTS\\turbo-template\\apps\\web\\core\\components\\ui\\input.tsx","statementMap":{"0":{"start":{"line":7,"column":1},"end":{"line":16,"column":null}}},"fnMap":{"0":{"name":"Input","decl":{"start":{"line":6,"column":9},"end":{"line":6,"column":15}},"loc":{"start":{"line":6,"column":77},"end":{"line":16,"column":null}},"line":6}},"branchMap":{},"s":{"0":10},"f":{"0":10},"b":{},"meta":{"lastBranch":0,"lastFunction":1,"lastStatement":1,"seen":{"f:6:9:6:15":0,"s:7:1:16:Infinity":0}}}
,"D:\\PROJECTS\\turbo-template\\apps\\web\\core\\hooks\\use-mobile.ts": {"path":"D:\\PROJECTS\\turbo-template\\apps\\web\\core\\hooks\\use-mobile.ts","statementMap":{"0":{"start":{"line":3,"column":26},"end":{"line":3,"column":null}},"1":{"start":{"line":6,"column":33},"end":{"line":6,"column":79}},"2":{"start":{"line":8,"column":1},"end":{"line":16,"column":null}},"3":{"start":{"line":9,"column":14},"end":{"line":9,"column":74}},"4":{"start":{"line":10,"column":8},"end":{"line":11,"column":null}},"5":{"start":{"line":11,"column":3},"end":{"line":11,"column":null}},"6":{"start":{"line":13,"column":2},"end":{"line":13,"column":null}},"7":{"start":{"line":14,"column":2},"end":{"line":14,"column":null}},"8":{"start":{"line":15,"column":2},"end":{"line":15,"column":null}},"9":{"start":{"line":15,"column":15},"end":{"line":15,"column":58}},"10":{"start":{"line":18,"column":1},"end":{"line":18,"column":null}}},"fnMap":{"0":{"name":"useIsMobile","decl":{"start":{"line":5,"column":16},"end":{"line":5,"column":30}},"loc":{"start":{"line":5,"column":30},"end":{"line":18,"column":null}},"line":5},"1":{"name":"(anonymous_1)","decl":{"start":{"line":8,"column":7},"end":{"line":8,"column":23}},"loc":{"start":{"line":8,"column":23},"end":{"line":16,"column":6}},"line":8},"2":{"name":"(anonymous_2)","decl":{"start":{"line":10,"column":8},"end":{"line":10,"column":25}},"loc":{"start":{"line":10,"column":25},"end":{"line":11,"column":null}},"line":10},"3":{"name":"(anonymous_3)","decl":{"start":{"line":15,"column":2},"end":{"line":15,"column":15}},"loc":{"start":{"line":15,"column":15},"end":{"line":15,"column":58}},"line":15}},"branchMap":{},"s":{"0":1,"1":14,"2":14,"3":6,"4":6,"5":2,"6":6,"7":6,"8":6,"9":6,"10":14},"f":{"0":14,"1":6,"2":2,"3":6},"b":{},"meta":{"lastBranch":0,"lastFunction":4,"lastStatement":11,"seen":{"s:3:26:3:Infinity":0,"f:5:16:5:30":0,"s:6:33:6:79":1,"s:8:1:16:Infinity":2,"f:8:7:8:23":1,"s:9:14:9:74":3,"s:10:8:11:Infinity":4,"f:10:8:10:25":2,"s:11:3:11:Infinity":5,"s:13:2:13:Infinity":6,"s:14:2:14:Infinity":7,"s:15:2:15:Infinity":8,"f:15:2:15:15":3,"s:15:15:15:58":9,"s:18:1:18:Infinity":10}}}
,"D:\\PROJECTS\\turbo-template\\apps\\web\\core\\lib\\date-transform.ts": {"path":"D:\\PROJECTS\\turbo-template\\apps\\web\\core\\lib\\date-transform.ts","statementMap":{"0":{"start":{"line":9,"column":16},"end":{"line":9,"column":26}},"1":{"start":{"line":10,"column":1},"end":{"line":12,"column":null}},"2":{"start":{"line":11,"column":2},"end":{"line":12,"column":null}},"3":{"start":{"line":12,"column":3},"end":{"line":12,"column":null}},"4":{"start":{"line":15,"column":1},"end":{"line":15,"column":null}},"5":{"start":{"line":25,"column":1},"end":{"line":25,"column":null}},"6":{"start":{"line":25,"column":26},"end":{"line":25,"column":63}},"7":{"start":{"line":36,"column":16},"end":{"line":36,"column":26}},"8":{"start":{"line":37,"column":1},"end":{"line":40,"column":null}},"9":{"start":{"line":38,"column":14},"end":{"line":38,"column":null}},"10":{"start":{"line":39,"column":2},"end":{"line":40,"column":null}},"11":{"start":{"line":40,"column":3},"end":{"line":40,"column":null}},"12":{"start":{"line":43,"column":1},"end":{"line":43,"column":null}},"13":{"start":{"line":53,"column":1},"end":{"line":53,"column":null}},"14":{"start":{"line":53,"column":26},"end":{"line":53,"column":82}}},"fnMap":{"0":{"name":"transformDateFields","decl":{"start":{"line":5,"column":16},"end":{"line":5,"column":null}},"loc":{"start":{"line":8,"column":30},"end":{"line":15,"column":null}},"line":8},"1":{"name":"transformDateFieldsArray","decl":{"start":{"line":21,"column":16},"end":{"line":21,"column":null}},"loc":{"start":{"line":24,"column":36},"end":{"line":25,"column":null}},"line":24},"2":{"name":"(anonymous_2)","decl":{"start":{"line":25,"column":14},"end":{"line":25,"column":18}},"loc":{"start":{"line":25,"column":26},"end":{"line":25,"column":63}},"line":25},"3":{"name":"transformToDateFields","decl":{"start":{"line":32,"column":16},"end":{"line":32,"column":null}},"loc":{"start":{"line":35,"column":54},"end":{"line":43,"column":null}},"line":35},"4":{"name":"transformToDateFieldsArray","decl":{"start":{"line":49,"column":16},"end":{"line":49,"column":null}},"loc":{"start":{"line":52,"column":60},"end":{"line":53,"column":null}},"line":52},"5":{"name":"(anonymous_5)","decl":{"start":{"line":53,"column":14},"end":{"line":53,"column":18}},"loc":{"start":{"line":53,"column":26},"end":{"line":53,"column":82}},"line":53}},"branchMap":{"0":{"loc":{"start":{"line":11,"column":2},"end":{"line":12,"column":null}},"type":"if","locations":[{"start":{"line":11,"column":2},"end":{"line":12,"column":null}},{"start":{},"end":{}}],"line":11},"1":{"loc":{"start":{"line":39,"column":2},"end":{"line":40,"column":null}},"type":"if","locations":[{"start":{"line":39,"column":2},"end":{"line":40,"column":null}},{"start":{},"end":{}}],"line":39}},"s":{"0":7,"1":7,"2":8,"3":7,"4":7,"5":2,"6":2,"7":5,"8":5,"9":5,"10":5,"11":4,"12":5,"13":2,"14":2},"f":{"0":7,"1":2,"2":2,"3":5,"4":2,"5":2},"b":{"0":[7,1],"1":[4,1]},"meta":{"lastBranch":2,"lastFunction":6,"lastStatement":15,"seen":{"f:5:16:5:Infinity":0,"s:9:16:9:26":0,"s:10:1:12:Infinity":1,"b:11:2:12:Infinity:undefined:undefined:undefined:undefined":0,"s:11:2:12:Infinity":2,"s:12:3:12:Infinity":3,"s:15:1:15:Infinity":4,"f:21:16:21:Infinity":1,"s:25:1:25:Infinity":5,"f:25:14:25:18":2,"s:25:26:25:63":6,"f:32:16:32:Infinity":3,"s:36:16:36:26":7,"s:37:1:40:Infinity":8,"s:38:14:38:Infinity":9,"b:39:2:40:Infinity:undefined:undefined:undefined:undefined":1,"s:39:2:40:Infinity":10,"s:40:3:40:Infinity":11,"s:43:1:43:Infinity":12,"f:49:16:49:Infinity":4,"s:53:1:53:Infinity":13,"f:53:14:53:18":5,"s:53:26:53:82":14}}}
,"D:\\PROJECTS\\turbo-template\\apps\\web\\core\\lib\\utils.ts": {"path":"D:\\PROJECTS\\turbo-template\\apps\\web\\core\\lib\\utils.ts","statementMap":{"0":{"start":{"line":13,"column":1},"end":{"line":13,"column":null}},"1":{"start":{"line":20,"column":13},"end":{"line":22,"column":null}},"2":{"start":{"line":21,"column":1},"end":{"line":21,"column":null}},"3":{"start":{"line":28,"column":13},"end":{"line":30,"column":null}},"4":{"start":{"line":29,"column":1},"end":{"line":29,"column":null}},"5":{"start":{"line":38,"column":15},"end":{"line":38,"column":55}},"6":{"start":{"line":40,"column":1},"end":{"line":40,"column":null}},"7":{"start":{"line":40,"column":25},"end":{"line":40,"column":null}},"8":{"start":{"line":41,"column":1},"end":{"line":41,"column":null}},"9":{"start":{"line":41,"column":25},"end":{"line":41,"column":null}},"10":{"start":{"line":43,"column":1},"end":{"line":43,"column":null}}},"fnMap":{"0":{"name":"cn","decl":{"start":{"line":12,"column":16},"end":{"line":12,"column":19}},"loc":{"start":{"line":12,"column":44},"end":{"line":13,"column":null}},"line":12},"1":{"name":"(anonymous_1)","decl":{"start":{"line":20,"column":25},"end":{"line":20,"column":37}},"loc":{"start":{"line":20,"column":37},"end":{"line":22,"column":null}},"line":20},"2":{"name":"(anonymous_2)","decl":{"start":{"line":28,"column":25},"end":{"line":28,"column":37}},"loc":{"start":{"line":28,"column":37},"end":{"line":30,"column":null}},"line":28},"3":{"name":"getInitials","decl":{"start":{"line":37,"column":16},"end":{"line":37,"column":28}},"loc":{"start":{"line":37,"column":42},"end":{"line":43,"column":null}},"line":37}},"branchMap":{"0":{"loc":{"start":{"line":40,"column":1},"end":{"line":40,"column":null}},"type":"if","locations":[{"start":{"line":40,"column":1},"end":{"line":40,"column":null}},{"start":{},"end":{}}],"line":40},"1":{"loc":{"start":{"line":41,"column":1},"end":{"line":41,"column":null}},"type":"if","locations":[{"start":{"line":41,"column":1},"end":{"line":41,"column":null}},{"start":{},"end":{}}],"line":41}},"s":{"0":30,"1":2,"2":1,"3":2,"4":1,"5":9,"6":9,"7":2,"8":7,"9":7,"10":4},"f":{"0":30,"1":1,"2":1,"3":9},"b":{"0":[2,7],"1":[3,4]},"meta":{"lastBranch":2,"lastFunction":4,"lastStatement":11,"seen":{"f:12:16:12:19":0,"s:13:1:13:Infinity":0,"s:20:13:22:Infinity":1,"f:20:25:20:37":1,"s:21:1:21:Infinity":2,"s:28:13:30:Infinity":3,"f:28:25:28:37":2,"s:29:1:29:Infinity":4,"f:37:16:37:28":3,"s:38:15:38:55":5,"b:40:1:40:Infinity:undefined:undefined:undefined:undefined":0,"s:40:1:40:Infinity":6,"s:40:25:40:Infinity":7,"b:41:1:41:Infinity:undefined:undefined:undefined:undefined":1,"s:41:1:41:Infinity":8,"s:41:25:41:Infinity":9,"s:43:1:43:Infinity":10}}}
,"D:\\PROJECTS\\turbo-template\\apps\\web\\features\\auth\\components\\password-input.tsx": {"path":"D:\\PROJECTS\\turbo-template\\apps\\web\\features\\auth\\components\\password-input.tsx","statementMap":{"0":{"start":{"line":1,"column":0},"end":{"line":1,"column":null}},"1":{"start":{"line":14,"column":41},"end":{"line":14,"column":62}},"2":{"start":{"line":16,"column":1},"end":{"line":28,"column":null}},"3":{"start":{"line":22,"column":19},"end":{"line":22,"column":49}}},"fnMap":{"0":{"name":"PasswordInput","decl":{"start":{"line":13,"column":16},"end":{"line":13,"column":30}},"loc":{"start":{"line":13,"column":75},"end":{"line":28,"column":null}},"line":13},"1":{"name":"(anonymous_1)","decl":{"start":{"line":22,"column":4},"end":{"line":22,"column":19}},"loc":{"start":{"line":22,"column":19},"end":{"line":22,"column":49}},"line":22}},"branchMap":{"0":{"loc":{"start":{"line":18,"column":27},"end":{"line":18,"column":63}},"type":"cond-expr","locations":[{"start":{"line":18,"column":42},"end":{"line":18,"column":51}},{"start":{"line":18,"column":51},"end":{"line":18,"column":63}}],"line":18},"1":{"loc":{"start":{"line":23,"column":16},"end":{"line":23,"column":null}},"type":"cond-expr","locations":[{"start":{"line":23,"column":31},"end":{"line":23,"column":49}},{"start":{"line":23,"column":49},"end":{"line":23,"column":null}}],"line":23},"2":{"loc":{"start":{"line":27,"column":25},"end":{"line":27,"column":64}},"type":"cond-expr","locations":[{"start":{"line":27,"column":40},"end":{"line":27,"column":54}},{"start":{"line":27,"column":54},"end":{"line":27,"column":64}}],"line":27}},"s":{"0":1,"1":10,"2":10,"3":4},"f":{"0":10,"1":4},"b":{"0":[3,7],"1":[3,7],"2":[3,7]},"meta":{"lastBranch":3,"lastFunction":2,"lastStatement":4,"seen":{"s:1:0:1:Infinity":0,"f:13:16:13:30":0,"s:14:41:14:62":1,"s:16:1:28:Infinity":2,"b:18:42:18:51:18:51:18:63":0,"f:22:4:22:19":1,"s:22:19:22:49":3,"b:23:31:23:49:23:49:23:Infinity":1,"b:27:40:27:54:27:54:27:64":2}}}
}
