{"D:\\PROJECTS\\turbo-template\\packages\\contracts\\src\\modules\\v1\\examples\\todos\\todos.schema.ts": {"path":"D:\\PROJECTS\\turbo-template\\packages\\contracts\\src\\modules\\v1\\examples\\todos\\todos.schema.ts","statementMap":{"0":{"start":{"line":7,"column":23},"end":{"line":18,"column":2}},"1":{"start":{"line":14,"column":21},"end":{"line":14,"column":68}},"2":{"start":{"line":17,"column":21},"end":{"line":17,"column":null}},"3":{"start":{"line":20,"column":26},"end":{"line":20,"column":null}},"4":{"start":{"line":22,"column":28},"end":{"line":24,"column":2}},"5":{"start":{"line":26,"column":32},"end":{"line":29,"column":2}},"6":{"start":{"line":31,"column":32},"end":{"line":34,"column":12}},"7":{"start":{"line":37,"column":39},"end":{"line":37,"column":82}}},"fnMap":{"0":{"name":"(anonymous_0)","decl":{"start":{"line":14,"column":3},"end":{"line":14,"column":13}},"loc":{"start":{"line":14,"column":21},"end":{"line":14,"column":68}},"line":14},"1":{"name":"(anonymous_1)","decl":{"start":{"line":17,"column":3},"end":{"line":17,"column":13}},"loc":{"start":{"line":17,"column":21},"end":{"line":17,"column":null}},"line":17}},"branchMap":{"0":{"loc":{"start":{"line":14,"column":21},"end":{"line":14,"column":68}},"type":"cond-expr","locations":[{"start":{"line":14,"column":47},"end":{"line":14,"column":60}},{"start":{"line":14,"column":63},"end":{"line":14,"column":68}}],"line":14},"1":{"loc":{"start":{"line":17,"column":21},"end":{"line":17,"column":null}},"type":"cond-expr","locations":[{"start":{"line":17,"column":47},"end":{"line":17,"column":60}},{"start":{"line":17,"column":63},"end":{"line":17,"column":null}}],"line":17}},"s":{"0":1,"1":5,"2":5,"3":1,"4":1,"5":1,"6":1,"7":1},"f":{"0":5,"1":5},"b":{"0":[1,4],"1":[1,4]},"meta":{"lastBranch":2,"lastFunction":2,"lastStatement":8,"seen":{"s:7:23:18:2":0,"f:14:3:14:13":0,"s:14:21:14:68":1,"b:14:47:14:60:14:63:14:68":0,"f:17:3:17:13":1,"s:17:21:17:Infinity":2,"b:17:47:17:60:17:63:17:Infinity":1,"s:20:26:20:Infinity":3,"s:22:28:24:2":4,"s:26:32:29:2":5,"s:31:32:34:12":6,"s:37:39:37:82":7}}}
}
